c:\users\b.saridar\source\repos\program\consoleproject1\consoleproject1\debug\vc142.pdb
c:\users\b.saridar\source\repos\program\consoleproject1\consoleproject1\debug\vc142.idb
c:\users\b.saridar\source\repos\program\consoleproject1\consoleproject1\debug\consoleproject1.obj
c:\users\b.saridar\source\repos\program\consoleproject1\debug\consoleproject1.pdb
c:\users\b.saridar\source\repos\program\consoleproject1\consoleproject1\debug\consoleproject1.tlog\cl.command.1.tlog
c:\users\b.saridar\source\repos\program\consoleproject1\consoleproject1\debug\consoleproject1.tlog\cl.read.1.tlog
c:\users\b.saridar\source\repos\program\consoleproject1\consoleproject1\debug\consoleproject1.tlog\cl.write.1.tlog
c:\users\b.saridar\source\repos\program\consoleproject1\consoleproject1\debug\consoleproject1.tlog\link-cvtres.read.1.tlog
c:\users\b.saridar\source\repos\program\consoleproject1\consoleproject1\debug\consoleproject1.tlog\link-cvtres.write.1.tlog
c:\users\b.saridar\source\repos\program\consoleproject1\consoleproject1\debug\consoleproject1.tlog\link-rc.read.1.tlog
c:\users\b.saridar\source\repos\program\consoleproject1\consoleproject1\debug\consoleproject1.tlog\link-rc.write.1.tlog
c:\users\b.saridar\source\repos\program\consoleproject1\consoleproject1\debug\consoleproject1.tlog\link.56252-cvtres.read.1.tlog
c:\users\b.saridar\source\repos\program\consoleproject1\consoleproject1\debug\consoleproject1.tlog\link.56252-cvtres.write.1.tlog
c:\users\b.saridar\source\repos\program\consoleproject1\consoleproject1\debug\consoleproject1.tlog\link.56252-rc.read.1.tlog
c:\users\b.saridar\source\repos\program\consoleproject1\consoleproject1\debug\consoleproject1.tlog\link.56252-rc.write.1.tlog
c:\users\b.saridar\source\repos\program\consoleproject1\consoleproject1\debug\consoleproject1.tlog\link.56252.read.1.tlog
c:\users\b.saridar\source\repos\program\consoleproject1\consoleproject1\debug\consoleproject1.tlog\link.56252.write.1.tlog
c:\users\b.saridar\source\repos\program\consoleproject1\consoleproject1\debug\consoleproject1.tlog\link.command.1.tlog
c:\users\b.saridar\source\repos\program\consoleproject1\consoleproject1\debug\consoleproject1.tlog\link.read.1.tlog
c:\users\b.saridar\source\repos\program\consoleproject1\consoleproject1\debug\consoleproject1.tlog\link.write.1.tlog
